<?xml version="1.0" encoding="utf-8"?><testsuites name="pytest tests"><testsuite name="pytest" errors="0" failures="0" skipped="0" tests="182" time="41.311" timestamp="2026-08-06T11:58:27.019682-03:00" hostname="LAPTOP-LL7POF4U"><testcase classname="tests.api.test_auth" name="test_valid_token" time="0.013" /><testcase classname="tests.api.test_auth" name="test_expired_token" time="0.010" /><testcase classname="tests.api.test_auth" name="test_tampered_signature" time="0.007" /><testcase classname="tests.ingesta.test_llm_provider.TestMockLlm" name="test_invoke_returns_default_json_string" time="0.023" /><testcase classname="tests.ingesta.test_llm_provider.TestMockLlm" name="test_custom_response_is_returned" time="0.005" /><testcase classname="tests.ingesta.test_llm_provider.TestMockLlm" name="test_two_instances_are_independent" time="0.006" /><testcase classname="tests.ingesta.test_llm_provider.TestGetLlm" name="test_raises_model_load_error_when_model_path_is_invalid" time="0.007" /><testcase classname="tests.ingesta.test_llm_provider.TestGetLlm" name="test_raises_model_not_found_when_path_missing" time="0.005" /><testcase classname="tests.ingesta.test_llm_provider.TestGetLlm" name="test_is_lru_cached_with_maxsize_four" time="0.004" /><testcase classname="tests.ingesta.test_llm_provider.TestGetLlm" name="test_returns_same_instance_on_repeated_calls" time="0.005" /><testcase classname="tests.ingesta.test_llm_provider.TestGetLlmLangchain" name="test_is_lru_cached_with_maxsize_four" time="0.004" /><testcase classname="tests.ingesta.test_llm_provider.TestGetLlmLangchain" name="test_returns_same_instance_on_repeated_calls" time="0.006" /><testcase classname="tests.ingesta.test_node1.TestFileReceptionNode" name="test_missing_file_fails[asyncio]" time="0.028" /><testcase classname="tests.ingesta.test_node1.TestFileReceptionNode" name="test_empty_file_fails[asyncio]" time="0.007" /><testcase classname="tests.ingesta.test_node1.TestFileReceptionNode" name="test_oversized_file_fails[asyncio]" time="0.007" /><testcase classname="tests.ingesta.test_node1.TestFileReceptionNode" name="test_valid_pdf_passes[asyncio]" time="0.008" /><testcase classname="tests.ingesta.test_node1.TestFileReceptionNode" name="test_emits_started_then_passed[asyncio]" time="0.007" /><testcase classname="tests.ingesta.test_node1.TestFileReceptionNode" name="test_emits_started_then_failed[asyncio]" time="0.005" /><testcase classname="tests.ingesta.test_node1.TestFileReceptionNode" name="test_audit_records_duration[asyncio]" time="0.007" /><testcase classname="tests.ingesta.test_node2.TestRuleBasedCheck" name="test_pdf_with_matching_extension_is_accepted" time="0.004" /><testcase classname="tests.ingesta.test_node2.TestRuleBasedCheck" name="test_html_mime_is_rejected" time="0.006" /><testcase classname="tests.ingesta.test_node2.TestRuleBasedCheck" name="test_html_extension_is_rejected_even_with_unknown_mime" time="0.004" /><testcase classname="tests.ingesta.test_node2.TestRuleBasedCheck" name="test_unknown_mime_triggers_manual_review" time="0.004" /><testcase classname="tests.ingesta.test_node2.TestRuleBasedCheck" name="test_mime_extension_mismatch_returns_none_for_slm" time="0.006" /><testcase classname="tests.ingesta.test_node2.TestRuleBasedCheck" name="test_jpeg_with_both_valid_extensions" time="0.008" /><testcase classname="tests.ingesta.test_node2.TestRuleBasedCheck" name="test_known_mismatch_is_accepted_without_slm" time="0.007" /><testcase classname="tests.ingesta.test_node2.TestFormatValidationNodeRun" name="test_pdf_passes[asyncio]" time="0.010" /><testcase classname="tests.ingesta.test_node2.TestFormatValidationNodeRun" name="test_html_fails[asyncio]" time="0.011" /><testcase classname="tests.ingesta.test_node2.TestFormatValidationNodeRun" name="test_unknown_mime_fails_with_manual_review[asyncio]" time="0.010" /><testcase classname="tests.ingesta.test_node2.TestFormatValidationNodeRun" name="test_slm_accept_on_mime_extension_mismatch[asyncio]" time="0.010" /><testcase classname="tests.ingesta.test_node2.TestFormatValidationNodeRun" name="test_slm_reject_on_mime_extension_mismatch[asyncio]" time="0.009" /><testcase classname="tests.ingesta.test_node2.TestFormatValidationNodeRun" name="test_node2_has_model_path[asyncio]" time="0.005" /><testcase classname="tests.ingesta.test_node2.TestFormatValidationNodeRun" name="test_emits_started_then_passed[asyncio]" time="0.007" /><testcase classname="tests.ingesta.test_node2.TestFormatValidationNodeRun" name="test_emits_started_then_failed[asyncio]" time="0.010" /><testcase classname="tests.ingesta.test_node2.TestFormatValidationNodeRun" name="test_audit_records_duration[asyncio]" time="0.011" /><testcase classname="tests.ingesta.test_node3.TestContentValidationNodeValidate" name="test_image_only_pdf_sets_requires_ocr" time="0.008" /><testcase classname="tests.ingesta.test_node3.TestContentValidationNodeValidate" name="test_empty_non_pdf_does_not_set_requires_ocr" time="0.008" /><testcase classname="tests.ingesta.test_node3.TestContentValidationNodeValidate" name="test_text_shorter_than_min_chars_fails" time="0.007" /><testcase classname="tests.ingesta.test_node3.TestContentValidationNodeValidate" name="test_char_count_is_recorded" time="0.007" /><testcase classname="tests.ingesta.test_node3.TestContentValidationNodeValidate" name="test_non_allowed_language_triggers_review" time="0.008" /><testcase classname="tests.ingesta.test_node3.TestContentValidationNodeRun" name="test_valid_spanish_passes[asyncio]" time="0.015" /><testcase classname="tests.ingesta.test_node3.TestContentValidationNodeRun" name="test_image_only_pdf_routes_to_ocr[asyncio]" time="0.010" /><testcase classname="tests.ingesta.test_node3.TestContentValidationNodeRun" name="test_short_text_fails[asyncio]" time="0.007" /><testcase classname="tests.ingesta.test_node3.TestContentValidationNodeRun" name="test_slm_rejects_illegitimate_content[asyncio]" time="0.012" /><testcase classname="tests.ingesta.test_node3.TestContentValidationNodeRun" name="test_emits_started_then_passed[asyncio]" time="0.008" /><testcase classname="tests.ingesta.test_node3.TestContentValidationNodeRun" name="test_audit_records_duration[asyncio]" time="0.008" /><testcase classname="tests.ingesta.test_node3.TestContentValidationNodeRun" name="test_node3_has_model_path[asyncio]" time="0.005" /><testcase classname="tests.ingesta.test_node4.TestDuplicateControlNode" name="test_exact_duplicate_fails[asyncio]" time="0.025" /><testcase classname="tests.ingesta.test_node4.TestDuplicateControlNode" name="test_semantic_duplicate_fails[asyncio]" time="0.007" /><testcase classname="tests.ingesta.test_node4.TestDuplicateControlNode" name="test_new_document_passes[asyncio]" time="0.007" /><testcase classname="tests.ingesta.test_node4.TestDuplicateControlNode" name="test_dissimilar_document_passes[asyncio]" time="0.009" /><testcase classname="tests.ingesta.test_node4.TestDuplicateControlNode" name="test_emits_started_then_passed[asyncio]" time="0.007" /><testcase classname="tests.ingesta.test_node4.TestDuplicateControlNode" name="test_emits_started_then_failed_on_duplicate[asyncio]" time="0.007" /><testcase classname="tests.ingesta.test_node4.TestDuplicateControlNode" name="test_audit_records_duration[asyncio]" time="0.010" /><testcase classname="tests.scrapper.test_downloader" name="test_normalize_url[-None]" time="0.007" /><testcase classname="tests.scrapper.test_downloader" name="test_normalize_url[/www.foo.com/path-http://www.foo.com/path]" time="0.005" /><testcase classname="tests.scrapper.test_downloader" name="test_normalize_url[/ssl.foo.com/path-https://ssl.foo.com/path]" time="0.005" /><testcase classname="tests.scrapper.test_downloader" name="test_normalize_url[www.foo.com/path-http://www.foo.com/path]" time="0.006" /><testcase classname="tests.scrapper.test_downloader" name="test_normalize_url[ssl.foo.com/path-https://ssl.foo.com/path]" time="0.006" /><testcase classname="tests.scrapper.test_downloader" name="test_normalize_url[http://example.com/file.pdf-http://example.com/file.pdf]" time="0.005" /><testcase classname="tests.scrapper.test_downloader" name="test_normalize_url[https://example.com/file.pdf-https://example.com/file.pdf]" time="0.006" /><testcase classname="tests.scrapper.test_downloader" name="test_normalize_url[  https://example.com  -https://example.com]" time="0.005" /><testcase classname="tests.scrapper.test_downloader" name="test_normalize_url_path_only_returns_none" time="0.005" /><testcase classname="tests.scrapper.test_downloader" name="test_is_pdf_url[https://rosario.gob.ar/normativa/verArchivo?id=1-True]" time="0.008" /><testcase classname="tests.scrapper.test_downloader" name="test_is_pdf_url[https://rosario.gob.ar/getPdf?id=2-True]" time="0.006" /><testcase classname="tests.scrapper.test_downloader" name="test_is_pdf_url[https://rosario.gob.ar/documento.do?id=3-True]" time="0.006" /><testcase classname="tests.scrapper.test_downloader" name="test_is_pdf_url[https://example.com/file.pdf-True]" time="0.005" /><testcase classname="tests.scrapper.test_downloader" name="test_is_pdf_url[https://example.com/FILE.PDF-True]" time="0.005" /><testcase classname="tests.scrapper.test_downloader" name="test_is_pdf_url[https://example.com/page.html-False]" time="0.005" /><testcase classname="tests.scrapper.test_downloader" name="test_is_pdf_url[-False]" time="0.008" /><testcase classname="tests.scrapper.test_downloader" name="test_build_normativa_pdf_url_with_id" time="0.007" /><testcase classname="tests.scrapper.test_downloader" name="test_build_normativa_pdf_url_without_id_returns_none" time="0.004" /><testcase classname="tests.scrapper.test_downloader" name="test_build_normativa_pdf_url_with_multiple_params" time="0.003" /><testcase classname="tests.scrapper.test_downloader" name="test_sanitize[decreto: &quot;especial&quot; &lt;2024&gt;-decreto_ _especial_ _2024_]" time="0.004" /><testcase classname="tests.scrapper.test_downloader" name="test_sanitize[normal text-normal text]" time="0.004" /><testcase classname="tests.scrapper.test_downloader" name="test_sanitize[  spaces  -spaces]" time="0.004" /><testcase classname="tests.scrapper.test_downloader" name="test_sanitize[a\\b*c?d:&quot;&lt;&gt;|-a_b_c_d_____]" time="0.004" /><testcase classname="tests.scrapper.test_downloader" name="test_is_pending_new_key" time="0.004" /><testcase classname="tests.scrapper.test_downloader" name="test_is_pending_already_done" time="0.005" /><testcase classname="tests.scrapper.test_downloader" name="test_is_pending_in_skip" time="0.003" /><testcase classname="tests.scrapper.test_downloader" name="test_extract_pdf_url_from_html_anchor_tag" time="0.004" /><testcase classname="tests.scrapper.test_downloader" name="test_extract_pdf_url_from_html_iframe" time="0.004" /><testcase classname="tests.scrapper.test_downloader" name="test_extract_pdf_url_from_html_relative_url_resolved" time="0.004" /><testcase classname="tests.scrapper.test_downloader" name="test_extract_pdf_url_from_html_regex_fallback" time="0.004" /><testcase classname="tests.scrapper.test_downloader" name="test_extract_pdf_url_from_html_no_pdf_returns_none" time="0.004" /><testcase classname="tests.scrapper.test_downloader" name="test_checkpoint_round_trip" time="0.018" /><testcase classname="tests.scrapper.test_downloader" name="test_load_checkpoint_returns_empty_when_file_missing" time="0.005" /><testcase classname="tests.scrapper.test_downloader" name="test_save_checkpoint_persists_all_entries" time="0.015" /><testcase classname="tests.scrapper.test_downloader" name="test_build_task_list_single_normativa_row" time="0.008" /><testcase classname="tests.scrapper.test_downloader" name="test_build_task_list_skips_empty_link" time="0.010" /><testcase classname="tests.scrapper.test_downloader" name="test_build_task_list_boletin_html_link_type_override" time="0.020" /><testcase classname="tests.scrapper.test_downloader" name="test_build_task_list_html_to_pdf_link_type_override" time="0.009" /><testcase classname="tests.scrapper.test_downloader" name="test_build_task_list_missing_csv_produces_no_tasks" time="0.008" /><testcase classname="tests.scrapper.test_downloader" name="test_filter_pending_includes_new_task" time="0.004" /><testcase classname="tests.scrapper.test_downloader" name="test_filter_pending_excludes_completed_on_disk" time="0.008" /><testcase classname="tests.scrapper.test_downloader" name="test_filter_pending_excludes_key_in_done" time="0.005" /><testcase classname="tests.scrapper.test_downloader" name="test_filter_pending_excludes_skip_in_done" time="0.006" /><testcase classname="tests.scrapper.test_downloader" name="test_apply_migration_unblocks_html_to_pdf" time="0.008" /><testcase classname="tests.scrapper.test_downloader" name="test_apply_migration_does_not_unblock_boletin_html" time="0.006" /><testcase classname="tests.scrapper.test_downloader" name="test_apply_migration_no_op_when_nothing_matches" time="0.005" /><testcase classname="tests.scrapper.test_downloader" name="test_resolve_pdf_url_invalid_url_returns_none" time="0.005" /><testcase classname="tests.scrapper.test_downloader" name="test_resolve_pdf_url_direct_pdf_returns_normalized_url" time="0.004" /><testcase classname="tests.scrapper.test_downloader" name="test_resolve_pdf_url_normativa_with_id_builds_url_without_http" time="0.004" /><testcase classname="tests.scrapper.test_downloader" name="test_resolve_pdf_url_scrape_finds_pdf_link" time="0.008" /><testcase classname="tests.scrapper.test_downloader" name="test_resolve_pdf_url_scrape_404_returns_permanent" time="0.006" /><testcase classname="tests.scrapper.test_downloader" name="test_resolve_pdf_url_scrape_no_pdf_returns_permanent" time="0.010" /><testcase classname="tests.scrapper.test_downloader" name="test_expand_boletin_tasks_extracts_pdf_ids" time="0.011" /><testcase classname="tests.scrapper.test_downloader" name="test_expand_boletin_tasks_empty_page_not_in_expanded_keys" time="0.007" /><testcase classname="tests.scrapper.test_downloader" name="test_expand_boletin_tasks_http_error_not_in_expanded_keys" time="0.009" /><testcase classname="tests.scrapper.test_downloader" name="test_expand_boletin_tasks_http_error_does_not_raise" time="0.008" /><testcase classname="tests.scrapper.test_downloader" name="test_download_file_success_writes_file" time="0.026" /><testcase classname="tests.scrapper.test_downloader" name="test_download_file_creates_parent_directories" time="0.015" /><testcase classname="tests.scrapper.test_downloader" name="test_download_file_404_returns_permanent" time="0.008" /><testcase classname="tests.scrapper.test_downloader" name="test_download_file_non_pdf_content_returns_permanent" time="0.010" /><testcase classname="tests.scrapper.test_downloader" name="test_download_file_retry_on_503_then_success" time="0.017" /><testcase classname="tests.scrapper.test_downloader" name="test_download_file_all_retries_exhausted_returns_false" time="0.015" /><testcase classname="tests.scrapper.test_downloader" name="test_extract_pdf_url_from_html_data_attr_sweep" time="0.005" /><testcase classname="tests.scrapper.test_downloader" name="test_resolve_pdf_url_scrape_network_error_returns_none" time="0.007" /><testcase classname="tests.scrapper.test_downloader" name="test_resolve_pdf_url_scrape_non_200_returns_none" time="0.008" /><testcase classname="tests.scrapper.test_downloader" name="test_resolve_pdf_url_scrape_pdf_content_type_returns_final_url" time="0.007" /><testcase classname="tests.scrapper.test_downloader" name="test_resolve_pdf_url_scrape_normativa_redirect_builds_direct_url" time="0.006" /><testcase classname="tests.scrapper.test_downloader" name="test_download_file_network_error_then_success" time="0.017" /><testcase classname="tests.scrapper.test_downloader" name="test_expand_boletin_tasks_invalid_url_skips_task" time="0.007" /><testcase classname="tests.scrapper.test_downloader" name="test_expand_boletin_tasks_non_200_response_skips" time="0.013" /><testcase classname="tests.scrapper.test_downloader" name="test_html_to_pdf_invalid_url_returns_permanent" time="0.007" /><testcase classname="tests.scrapper.test_downloader" name="test_html_to_pdf_404_returns_permanent" time="0.010" /><testcase classname="tests.scrapper.test_downloader" name="test_html_to_pdf_non_200_returns_false" time="0.008" /><testcase classname="tests.scrapper.test_downloader" name="test_html_to_pdf_network_error_returns_false" time="0.009" /><testcase classname="tests.scrapper.test_downloader" name="test_html_to_pdf_weasyprint_success" time="0.012" /><testcase classname="tests.scrapper.test_downloader" name="test_html_to_pdf_weasyprint_oserror_returns_permanent" time="0.012" /><testcase classname="tests.scrapper.test_downloader" name="test_expand_boletines_no_boletin_tasks_returns_unchanged" time="0.005" /><testcase classname="tests.scrapper.test_downloader" name="test_expand_boletines_expands_and_marks_done" time="0.010" /><testcase classname="tests.scrapper.test_downloader" name="test_log_progress_does_not_raise" time="0.003" /><testcase classname="tests.scrapper.test_downloader" name="test_process_task_html_to_pdf_success" time="0.008" /><testcase classname="tests.scrapper.test_downloader" name="test_process_task_html_to_pdf_permanent" time="0.011" /><testcase classname="tests.scrapper.test_downloader" name="test_process_task_html_to_pdf_transient" time="0.014" /><testcase classname="tests.scrapper.test_downloader" name="test_process_task_resolve_and_download_success" time="0.010" /><testcase classname="tests.scrapper.test_downloader" name="test_process_task_resolve_permanent" time="0.010" /><testcase classname="tests.scrapper.test_downloader" name="test_process_task_resolve_none_is_transient" time="0.011" /><testcase classname="tests.scrapper.test_downloader" name="test_main_parses_args_and_calls_asyncio_run" time="0.011" /><testcase classname="tests.shared.test_audit_service" name="test_record_persists_to_repo[asyncio]" time="0.006" /><testcase classname="tests.shared.test_audit_service" name="test_record_multiple_events[asyncio]" time="0.009" /><testcase classname="tests.shared.test_broadcaster" name="test_emit_and_subscribe[asyncio]" time="0.009" /><testcase classname="tests.shared.test_broadcaster" name="test_done_status_closes_stream[asyncio]" time="0.009" /><testcase classname="tests.shared.test_broadcaster" name="test_close_sends_sentinel[asyncio]" time="0.009" /><testcase classname="tests.shared.test_broadcaster" name="test_early_disconnect[asyncio]" time="0.008" /><testcase classname="tests.shared.test_broadcaster" name="test_subscribe_after_close_exits_immediately[asyncio]" time="0.009" /><testcase classname="tests.shared.test_broadcaster" name="test_emit_after_close_is_noop[asyncio]" time="0.010" /><testcase classname="tests.shared.test_repositories.TestSqlHashRepository" name="test_save_and_exists[asyncio]" time="0.074" /><testcase classname="tests.shared.test_repositories.TestSqlHashRepository" name="test_unknown_sha_returns_false[asyncio]" time="0.027" /><testcase classname="tests.shared.test_repositories.TestInMemoryHashRepository" name="test_save_and_exists[asyncio]" time="0.005" /><testcase classname="tests.shared.test_repositories.TestInMemoryHashRepository" name="test_unknown_sha_returns_false[asyncio]" time="0.006" /><testcase classname="tests.shared.test_repositories.TestSqlAuditRepository" name="test_save_and_list[asyncio]" time="0.029" /><testcase classname="tests.shared.test_repositories.TestSqlAuditRepository" name="test_list_filters_by_job[asyncio]" time="0.039" /><testcase classname="tests.shared.test_repositories.TestInMemoryAuditRepository" name="test_save_and_list[asyncio]" time="0.005" /><testcase classname="tests.shared.test_repositories.TestInMemoryAuditRepository" name="test_list_filters_by_job[asyncio]" time="0.005" /><testcase classname="tests.shared.test_repositories.TestSqlUserRepository" name="test_find_existing_user[asyncio]" time="0.033" /><testcase classname="tests.shared.test_repositories.TestSqlUserRepository" name="test_find_missing_returns_none[asyncio]" time="0.038" /><testcase classname="tests.shared.test_repositories.TestSqlUserRepository" name="test_is_allowed_active_user[asyncio]" time="0.049" /><testcase classname="tests.shared.test_repositories.TestSqlUserRepository" name="test_is_allowed_blocked_user[asyncio]" time="0.044" /><testcase classname="tests.shared.test_repositories.TestSqlUserRepository" name="test_is_allowed_inactive_user[asyncio]" time="0.038" /><testcase classname="tests.shared.test_repositories.TestInMemoryUserRepository" name="test_find_and_allowed[asyncio]" time="0.006" /><testcase classname="tests.shared.test_repositories.TestInMemoryUserRepository" name="test_blocked_not_allowed[asyncio]" time="0.008" /><testcase classname="tests.shared.test_repositories.TestInMemoryUserRepository" name="test_missing_not_allowed[asyncio]" time="0.008" /><testcase classname="tests.shared.test_repositories.TestSqlDocumentStepsRepository" name="test_save_and_retrieve_ordered[asyncio]" time="0.050" /><testcase classname="tests.shared.test_repositories.TestSqlDocumentStepsRepository" name="test_empty_job[asyncio]" time="0.038" /><testcase classname="tests.shared.test_repositories.TestInMemoryDocumentStepsRepository" name="test_save_and_retrieve_ordered[asyncio]" time="0.006" /><testcase classname="tests.shared.test_repositories.TestInMemoryDocumentStepsRepository" name="test_filters_by_job[asyncio]" time="0.007" /><testcase classname="tests.shared.test_repositories.TestSqlHumanDecisionRepository" name="test_save_and_retrieve[asyncio]" time="0.044" /><testcase classname="tests.shared.test_repositories.TestSqlHumanDecisionRepository" name="test_multiple_decisions_ordered[asyncio]" time="0.043" /><testcase classname="tests.shared.test_repositories.TestSqlHumanDecisionRepository" name="test_filters_by_job[asyncio]" time="0.035" /><testcase classname="tests.shared.test_repositories.TestInMemoryHumanDecisionRepository" name="test_save_and_retrieve[asyncio]" time="0.007" /><testcase classname="tests.shared.test_repositories.TestInMemoryHumanDecisionRepository" name="test_filters_by_job[asyncio]" time="0.009" /><testcase classname="tests.shared.test_repositories.TestSqlJobRepository" name="test_create_and_find[asyncio]" time="0.037" /><testcase classname="tests.shared.test_repositories.TestSqlJobRepository" name="test_find_missing_returns_none[asyncio]" time="0.040" /><testcase classname="tests.shared.test_repositories.TestSqlJobRepository" name="test_update_status[asyncio]" time="0.044" /><testcase classname="tests.shared.test_repositories.TestSqlJobRepository" name="test_list_all[asyncio]" time="0.033" /><testcase classname="tests.shared.test_repositories.TestInMemoryJobRepository" name="test_create_and_find[asyncio]" time="0.005" /><testcase classname="tests.shared.test_repositories.TestInMemoryJobRepository" name="test_find_missing_returns_none[asyncio]" time="0.004" /><testcase classname="tests.shared.test_repositories.TestInMemoryJobRepository" name="test_update_status[asyncio]" time="0.004" /><testcase classname="tests.shared.test_repositories.TestInMemoryJobRepository" name="test_update_status_noop_for_missing[asyncio]" time="0.006" /><testcase classname="tests.shared.test_repositories.TestInMemoryJobRepository" name="test_list_all[asyncio]" time="0.005" /></testsuite></testsuites>