<?xml version="1.0" encoding="utf-8"?><testsuites name="pytest tests"><testsuite name="pytest" errors="0" failures="0" skipped="0" tests="114" time="2.881" timestamp="2026-06-18T17:08:31.203104-03:00" hostname="LAPTOP-LL7POF4U"><testcase classname="tests.api.test_auth" name="test_valid_token[asyncio]" time="0.021" /><testcase classname="tests.api.test_auth" name="test_expired_token[asyncio]" time="0.004" /><testcase classname="tests.api.test_auth" name="test_tampered_signature[asyncio]" time="0.004" /><testcase classname="tests.scrapper.test_downloader" name="test_normalize_url[-None]" time="0.002" /><testcase classname="tests.scrapper.test_downloader" name="test_normalize_url[/www.foo.com/path-http://www.foo.com/path]" time="0.002" /><testcase classname="tests.scrapper.test_downloader" name="test_normalize_url[/ssl.foo.com/path-https://ssl.foo.com/path]" time="0.001" /><testcase classname="tests.scrapper.test_downloader" name="test_normalize_url[www.foo.com/path-http://www.foo.com/path]" time="0.001" /><testcase classname="tests.scrapper.test_downloader" name="test_normalize_url[ssl.foo.com/path-https://ssl.foo.com/path]" time="0.001" /><testcase classname="tests.scrapper.test_downloader" name="test_normalize_url[http://example.com/file.pdf-http://example.com/file.pdf]" time="0.001" /><testcase classname="tests.scrapper.test_downloader" name="test_normalize_url[https://example.com/file.pdf-https://example.com/file.pdf]" time="0.001" /><testcase classname="tests.scrapper.test_downloader" name="test_normalize_url[  https://example.com  -https://example.com]" time="0.001" /><testcase classname="tests.scrapper.test_downloader" name="test_normalize_url_path_only_returns_none" time="0.001" /><testcase classname="tests.scrapper.test_downloader" name="test_is_pdf_url[https://rosario.gob.ar/normativa/verArchivo?id=1-True]" time="0.001" /><testcase classname="tests.scrapper.test_downloader" name="test_is_pdf_url[https://rosario.gob.ar/getPdf?id=2-True]" time="0.001" /><testcase classname="tests.scrapper.test_downloader" name="test_is_pdf_url[https://rosario.gob.ar/documento.do?id=3-True]" time="0.001" /><testcase classname="tests.scrapper.test_downloader" name="test_is_pdf_url[https://example.com/file.pdf-True]" time="0.001" /><testcase classname="tests.scrapper.test_downloader" name="test_is_pdf_url[https://example.com/FILE.PDF-True]" time="0.001" /><testcase classname="tests.scrapper.test_downloader" name="test_is_pdf_url[https://example.com/page.html-False]" time="0.001" /><testcase classname="tests.scrapper.test_downloader" name="test_is_pdf_url[-False]" time="0.002" /><testcase classname="tests.scrapper.test_downloader" name="test_build_normativa_pdf_url_with_id" time="0.001" /><testcase classname="tests.scrapper.test_downloader" name="test_build_normativa_pdf_url_without_id_returns_none" time="0.001" /><testcase classname="tests.scrapper.test_downloader" name="test_build_normativa_pdf_url_with_multiple_params" time="0.001" /><testcase classname="tests.scrapper.test_downloader" name="test_sanitize[decreto: &quot;especial&quot; &lt;2024&gt;-decreto_ _especial_ _2024_]" time="0.001" /><testcase classname="tests.scrapper.test_downloader" name="test_sanitize[normal text-normal text]" time="0.001" /><testcase classname="tests.scrapper.test_downloader" name="test_sanitize[  spaces  -spaces]" time="0.001" /><testcase classname="tests.scrapper.test_downloader" name="test_sanitize[a\\b*c?d:&quot;&lt;&gt;|-a_b_c_d_____]" time="0.001" /><testcase classname="tests.scrapper.test_downloader" name="test_is_pending_new_key" time="0.001" /><testcase classname="tests.scrapper.test_downloader" name="test_is_pending_already_done" time="0.001" /><testcase classname="tests.scrapper.test_downloader" name="test_is_pending_in_skip" time="0.001" /><testcase classname="tests.scrapper.test_downloader" name="test_extract_pdf_url_from_html_anchor_tag" time="0.002" /><testcase classname="tests.scrapper.test_downloader" name="test_extract_pdf_url_from_html_iframe" time="0.001" /><testcase classname="tests.scrapper.test_downloader" name="test_extract_pdf_url_from_html_relative_url_resolved" time="0.001" /><testcase classname="tests.scrapper.test_downloader" name="test_extract_pdf_url_from_html_regex_fallback" time="0.002" /><testcase classname="tests.scrapper.test_downloader" name="test_extract_pdf_url_from_html_no_pdf_returns_none" time="0.002" /><testcase classname="tests.scrapper.test_downloader" name="test_checkpoint_round_trip" time="0.010" /><testcase classname="tests.scrapper.test_downloader" name="test_load_checkpoint_returns_empty_when_file_missing" time="0.003" /><testcase classname="tests.scrapper.test_downloader" name="test_save_checkpoint_persists_all_entries" time="0.006" /><testcase classname="tests.scrapper.test_downloader" name="test_build_task_list_single_normativa_row" time="0.007" /><testcase classname="tests.scrapper.test_downloader" name="test_build_task_list_skips_empty_link" time="0.007" /><testcase classname="tests.scrapper.test_downloader" name="test_build_task_list_boletin_html_link_type_override" time="0.005" /><testcase classname="tests.scrapper.test_downloader" name="test_build_task_list_html_to_pdf_link_type_override" time="0.005" /><testcase classname="tests.scrapper.test_downloader" name="test_build_task_list_missing_csv_produces_no_tasks" time="0.004" /><testcase classname="tests.scrapper.test_downloader" name="test_filter_pending_includes_new_task" time="0.001" /><testcase classname="tests.scrapper.test_downloader" name="test_filter_pending_excludes_completed_on_disk" time="0.003" /><testcase classname="tests.scrapper.test_downloader" name="test_filter_pending_excludes_key_in_done" time="0.001" /><testcase classname="tests.scrapper.test_downloader" name="test_filter_pending_excludes_skip_in_done" time="0.001" /><testcase classname="tests.scrapper.test_downloader" name="test_apply_migration_unblocks_html_to_pdf" time="0.003" /><testcase classname="tests.scrapper.test_downloader" name="test_apply_migration_does_not_unblock_boletin_html" time="0.003" /><testcase classname="tests.scrapper.test_downloader" name="test_apply_migration_no_op_when_nothing_matches" time="0.003" /><testcase classname="tests.scrapper.test_downloader" name="test_resolve_pdf_url_invalid_url_returns_none" time="0.002" /><testcase classname="tests.scrapper.test_downloader" name="test_resolve_pdf_url_direct_pdf_returns_normalized_url" time="0.002" /><testcase classname="tests.scrapper.test_downloader" name="test_resolve_pdf_url_normativa_with_id_builds_url_without_http" time="0.002" /><testcase classname="tests.scrapper.test_downloader" name="test_resolve_pdf_url_scrape_finds_pdf_link" time="0.005" /><testcase classname="tests.scrapper.test_downloader" name="test_resolve_pdf_url_scrape_404_returns_permanent" time="0.003" /><testcase classname="tests.scrapper.test_downloader" name="test_resolve_pdf_url_scrape_no_pdf_returns_permanent" time="0.003" /><testcase classname="tests.scrapper.test_downloader" name="test_expand_boletin_tasks_extracts_pdf_ids" time="0.005" /><testcase classname="tests.scrapper.test_downloader" name="test_expand_boletin_tasks_empty_page_not_in_expanded_keys" time="0.005" /><testcase classname="tests.scrapper.test_downloader" name="test_expand_boletin_tasks_http_error_not_in_expanded_keys" time="0.004" /><testcase classname="tests.scrapper.test_downloader" name="test_expand_boletin_tasks_http_error_does_not_raise" time="0.005" /><testcase classname="tests.scrapper.test_downloader" name="test_download_file_success_writes_file" time="0.010" /><testcase classname="tests.scrapper.test_downloader" name="test_download_file_creates_parent_directories" time="0.008" /><testcase classname="tests.scrapper.test_downloader" name="test_download_file_404_returns_permanent" time="0.043" /><testcase classname="tests.scrapper.test_downloader" name="test_download_file_non_pdf_content_returns_permanent" time="0.006" /><testcase classname="tests.scrapper.test_downloader" name="test_download_file_retry_on_503_then_success" time="0.008" /><testcase classname="tests.scrapper.test_downloader" name="test_download_file_all_retries_exhausted_returns_false" time="0.005" /><testcase classname="tests.scrapper.test_downloader" name="test_extract_pdf_url_from_html_data_attr_sweep" time="0.001" /><testcase classname="tests.scrapper.test_downloader" name="test_resolve_pdf_url_scrape_network_error_returns_none" time="0.003" /><testcase classname="tests.scrapper.test_downloader" name="test_resolve_pdf_url_scrape_non_200_returns_none" time="0.003" /><testcase classname="tests.scrapper.test_downloader" name="test_resolve_pdf_url_scrape_pdf_content_type_returns_final_url" time="0.003" /><testcase classname="tests.scrapper.test_downloader" name="test_resolve_pdf_url_scrape_normativa_redirect_builds_direct_url" time="0.003" /><testcase classname="tests.scrapper.test_downloader" name="test_download_file_network_error_then_success" time="0.008" /><testcase classname="tests.scrapper.test_downloader" name="test_expand_boletin_tasks_invalid_url_skips_task" time="0.002" /><testcase classname="tests.scrapper.test_downloader" name="test_expand_boletin_tasks_non_200_response_skips" time="0.005" /><testcase classname="tests.scrapper.test_downloader" name="test_html_to_pdf_invalid_url_returns_permanent" time="0.003" /><testcase classname="tests.scrapper.test_downloader" name="test_html_to_pdf_404_returns_permanent" time="0.006" /><testcase classname="tests.scrapper.test_downloader" name="test_html_to_pdf_non_200_returns_false" time="0.005" /><testcase classname="tests.scrapper.test_downloader" name="test_html_to_pdf_network_error_returns_false" time="0.005" /><testcase classname="tests.scrapper.test_downloader" name="test_html_to_pdf_weasyprint_success" time="0.009" /><testcase classname="tests.scrapper.test_downloader" name="test_html_to_pdf_weasyprint_oserror_returns_permanent" time="0.008" /><testcase classname="tests.scrapper.test_downloader" name="test_expand_boletines_no_boletin_tasks_returns_unchanged" time="0.002" /><testcase classname="tests.scrapper.test_downloader" name="test_expand_boletines_expands_and_marks_done" time="0.007" /><testcase classname="tests.scrapper.test_downloader" name="test_log_progress_does_not_raise" time="0.001" /><testcase classname="tests.scrapper.test_downloader" name="test_process_task_html_to_pdf_success" time="0.005" /><testcase classname="tests.scrapper.test_downloader" name="test_process_task_html_to_pdf_permanent" time="0.005" /><testcase classname="tests.scrapper.test_downloader" name="test_process_task_html_to_pdf_transient" time="0.005" /><testcase classname="tests.scrapper.test_downloader" name="test_process_task_resolve_and_download_success" time="0.005" /><testcase classname="tests.scrapper.test_downloader" name="test_process_task_resolve_permanent" time="0.005" /><testcase classname="tests.scrapper.test_downloader" name="test_process_task_resolve_none_is_transient" time="0.004" /><testcase classname="tests.scrapper.test_downloader" name="test_main_parses_args_and_calls_asyncio_run" time="0.005" /><testcase classname="tests.shared.test_repositories.TestSqlHashRepository" name="test_save_and_exists[asyncio]" time="0.042" /><testcase classname="tests.shared.test_repositories.TestSqlHashRepository" name="test_unknown_sha_returns_false[asyncio]" time="0.029" /><testcase classname="tests.shared.test_repositories.TestInMemoryHashRepository" name="test_save_and_exists[asyncio]" time="0.003" /><testcase classname="tests.shared.test_repositories.TestInMemoryHashRepository" name="test_unknown_sha_returns_false[asyncio]" time="0.002" /><testcase classname="tests.shared.test_repositories.TestSqlAuditRepository" name="test_save_and_list[asyncio]" time="0.030" /><testcase classname="tests.shared.test_repositories.TestSqlAuditRepository" name="test_list_filters_by_job[asyncio]" time="0.029" /><testcase classname="tests.shared.test_repositories.TestInMemoryAuditRepository" name="test_save_and_list[asyncio]" time="0.002" /><testcase classname="tests.shared.test_repositories.TestInMemoryAuditRepository" name="test_list_filters_by_job[asyncio]" time="0.002" /><testcase classname="tests.shared.test_repositories.TestSqlUserRepository" name="test_find_existing_user[asyncio]" time="0.035" /><testcase classname="tests.shared.test_repositories.TestSqlUserRepository" name="test_find_missing_returns_none[asyncio]" time="0.027" /><testcase classname="tests.shared.test_repositories.TestSqlUserRepository" name="test_is_allowed_active_user[asyncio]" time="0.024" /><testcase classname="tests.shared.test_repositories.TestSqlUserRepository" name="test_is_allowed_blocked_user[asyncio]" time="0.024" /><testcase classname="tests.shared.test_repositories.TestSqlUserRepository" name="test_is_allowed_inactive_user[asyncio]" time="0.026" /><testcase classname="tests.shared.test_repositories.TestInMemoryUserRepository" name="test_find_and_allowed[asyncio]" time="0.003" /><testcase classname="tests.shared.test_repositories.TestInMemoryUserRepository" name="test_blocked_not_allowed[asyncio]" time="0.002" /><testcase classname="tests.shared.test_repositories.TestInMemoryUserRepository" name="test_missing_not_allowed[asyncio]" time="0.002" /><testcase classname="tests.shared.test_repositories.TestSqlDocumentStepsRepository" name="test_save_and_retrieve_ordered[asyncio]" time="0.033" /><testcase classname="tests.shared.test_repositories.TestSqlDocumentStepsRepository" name="test_empty_job[asyncio]" time="0.024" /><testcase classname="tests.shared.test_repositories.TestInMemoryDocumentStepsRepository" name="test_save_and_retrieve_ordered[asyncio]" time="0.002" /><testcase classname="tests.shared.test_repositories.TestInMemoryDocumentStepsRepository" name="test_filters_by_job[asyncio]" time="0.002" /><testcase classname="tests.shared.test_repositories.TestSqlHumanDecisionRepository" name="test_save_and_retrieve[asyncio]" time="0.027" /><testcase classname="tests.shared.test_repositories.TestSqlHumanDecisionRepository" name="test_multiple_decisions_ordered[asyncio]" time="0.028" /><testcase classname="tests.shared.test_repositories.TestSqlHumanDecisionRepository" name="test_filters_by_job[asyncio]" time="0.026" /><testcase classname="tests.shared.test_repositories.TestInMemoryHumanDecisionRepository" name="test_save_and_retrieve[asyncio]" time="0.003" /><testcase classname="tests.shared.test_repositories.TestInMemoryHumanDecisionRepository" name="test_filters_by_job[asyncio]" time="0.002" /></testsuite></testsuites>